<?xml version="1.0" encoding="UTF-8"?>
<!-- Generated by org.testng.reporters.JUnitXMLReporter -->
<testsuite hostname="LAPTOP-KIO74HEK" ignored="0" name="Test" tests="4" failures="0" timestamp="2020-10-04T12:20:50 EDT" time="28.335" errors="0">
  <testcase name="openBrowser" time="7.201" classname="Login.car"/>
  <testcase name="postSignUp" time="0.014" classname="Login.car"/>
  <testcase name="signUp" time="1.051" classname="Login.car"/>
  <testcase name="testSetup" time="6.771" classname="Login.car"/>
</testsuite> <!-- Test -->
