<?xml version="1.0" encoding="UTF-8"?>
<!-- Generated by org.testng.reporters.JUnitXMLReporter -->
<testsuite hostname="LAPTOP-KIO74HEK" ignored="0" name="Test" tests="4" failures="0" timestamp="2020-10-04T12:25:29 EDT" time="21.098" errors="0">
  <testcase name="openBrowser" time="6.372" classname="Login.car"/>
  <testcase name="postSignUp" time="0.006" classname="Login.car"/>
  <testcase name="signUp" time="1.071" classname="Login.car"/>
  <testcase name="testSetup" time="5.791" classname="Login.car"/>
</testsuite> <!-- Test -->
