<?xml version="1.0" encoding="UTF-8"?>
<testng-results skipped="0" failed="0" ignored="0" total="4" passed="4">
  <reporter-output>
  </reporter-output>
  <suite name="Suite" duration-ms="28335" started-at="2020-10-04T12:20:22 EDT" finished-at="2020-10-04T12:20:50 EDT">
    <groups>
    </groups>
    <test name="Test" duration-ms="28335" started-at="2020-10-04T12:20:22 EDT" finished-at="2020-10-04T12:20:50 EDT">
      <class name="Login.car">
        <test-method status="PASS" signature="testSetup()[pri:0, instance:Login.car@1e6d1014]" name="testSetup" is-config="true" duration-ms="12017" started-at="2020-10-04T12:20:22 EDT" finished-at="2020-10-04T12:20:34 EDT">
          <reporter-output>
          </reporter-output>
        </test-method> <!-- testSetup -->
        <test-method status="PASS" signature="openBrowser()[pri:0, instance:Login.car@1e6d1014]" name="openBrowser" duration-ms="7201" started-at="2020-10-04T12:20:34 EDT" finished-at="2020-10-04T12:20:41 EDT">
          <reporter-output>
          </reporter-output>
        </test-method> <!-- openBrowser -->
        <test-method status="PASS" signature="postSignUp()[pri:0, instance:Login.car@1e6d1014]" name="postSignUp" duration-ms="14" started-at="2020-10-04T12:20:41 EDT" finished-at="2020-10-04T12:20:41 EDT">
          <reporter-output>
          </reporter-output>
        </test-method> <!-- postSignUp -->
        <test-method status="PASS" signature="signUp()[pri:0, instance:Login.car@1e6d1014]" name="signUp" duration-ms="1051" started-at="2020-10-04T12:20:41 EDT" description="This method validates the sign up functionality" finished-at="2020-10-04T12:20:42 EDT">
          <reporter-output>
          </reporter-output>
        </test-method> <!-- signUp -->
        <test-method status="PASS" signature="testSetup()[pri:0, instance:Login.car@1e6d1014]" name="testSetup" duration-ms="6771" started-at="2020-10-04T12:20:42 EDT" finished-at="2020-10-04T12:20:49 EDT">
          <reporter-output>
          </reporter-output>
        </test-method> <!-- testSetup -->
        <test-method status="PASS" signature="afterClass()[pri:0, instance:Login.car@1e6d1014]" name="afterClass" is-config="true" duration-ms="1205" started-at="2020-10-04T12:20:49 EDT" finished-at="2020-10-04T12:20:50 EDT">
          <reporter-output>
          </reporter-output>
        </test-method> <!-- afterClass -->
      </class> <!-- Login.car -->
    </test> <!-- Test -->
  </suite> <!-- Suite -->
</testng-results>
